<?xml version="1.0" encoding="UTF-8"?>
<!-- Generated by org.testng.reporters.JUnitReportReporter -->
<testsuite skipped="1" hostname="laxmi-PC" name="com.charityproject.Test.RegisterCV_Test" tests="1" failures="0" timestamp="26 Nov 2017 19:21:13 GMT" time="0.000" errors="0">
  <testcase name="registerDetails" time="0.000" classname="com.charityproject.Test.RegisterCV_Test">
    <skipped/>
  </testcase> <!-- registerDetails -->
</testsuite> <!-- com.charityproject.Test.RegisterCV_Test -->
