<?xml version="1.0" encoding="UTF-8"?>
<!-- Generated by org.testng.reporters.JUnitReportReporter -->
<testsuite skipped="0" hostname="laxmi-PC" name="com.charityproject.Test.JobSearch_Test" tests="3" failures="0" timestamp="26 Nov 2017 18:59:45 GMT" time="97.485" errors="0">
  <testcase name="verifyCharityLogo" time="29.132" classname="com.charityproject.Test.JobSearch_Test"/>
  <testcase name="RegisterCVTest1" time="31.973" classname="com.charityproject.Test.JobSearch_Test"/>
  <testcase name="VolunteerTest" time="36.380" classname="com.charityproject.Test.JobSearch_Test"/>
</testsuite> <!-- com.charityproject.Test.JobSearch_Test -->
