<?xml version="1.0" encoding="UTF-8"?>
<!-- Generated by org.testng.reporters.JUnitReportReporter -->
<testsuite skipped="0" hostname="laxmi-PC" name="com.charityproject.Test.Courses_Test" tests="1" failures="0" timestamp="26 Nov 2017 18:59:45 GMT" time="57.294" errors="0">
  <testcase name="clickonsearch" time="57.294" classname="com.charityproject.Test.Courses_Test"/>
</testsuite> <!-- com.charityproject.Test.Courses_Test -->
